<?xml version="1.0" encoding="UTF-8"?>
<testsuite xmlns:xsi="http://www.w3.org/2001/XMLSchema-instance" xsi:noNamespaceSchemaLocation="https://maven.apache.org/surefire/maven-surefire-plugin/xsd/surefire-test-report-3.0.xsd" version="3.0" name="AsistenciasReservasTest" time="0.093" tests="5" errors="0" skipped="0" failures="0">
  <properties>
[...]
</properties>
  <testcase name="testBuscarReservaValida" classname="AsistenciasReservasTest" time="0.046"/>
  <testcase name="testRegistrarAsistenciaNo" classname="AsistenciasReservasTest" time="0.002"/>
  <testcase name="testRegistrarAsistenciaSiValido" classname="AsistenciasReservasTest" time="0.003"/>
  <testcase name="testHoraInvalida" classname="AsistenciasReservasTest" time="0.001"/>
  <testcase name="testSinSeleccionAsistencia" classname="AsistenciasReservasTest" time="0.002"/>
</testsuite>